{"meta": {"version": "7.2.2", "timestamp": "2024-08-16T16:47:59.946631", "branch_coverage": true, "show_contexts": false}, "files": {"test_temp.py": {"executed_lines": [1, 2, 5, 7, 9, 13, 14, 15, 17, 19, 20, 21, 22, 24, 26, 30, 31, 32, 34, 36, 40, 41, 42, 44, 46, 51, 52, 53, 55, 58, 69, 72, 73, 74, 77, 78, 79, 82, 83], "summary": {"covered_lines": 39, "num_statements": 39, "percent_covered": 100.0, "percent_covered_display": "100", "missing_lines": 0, "excluded_lines": 0, "num_branches": 6, "num_partial_branches": 0, "covered_branches": 6, "missing_branches": 0}, "missing_lines": [], "excluded_lines": [], "executed_branches": [[74, -74], [74, 74], [74, 77], [77, 78], [77, 82], [78, -78], [78, 78], [78, 79]], "missing_branches": []}}, "totals": {"covered_lines": 39, "num_statements": 39, "percent_covered": 100.0, "percent_covered_display": "100", "missing_lines": 0, "excluded_lines": 0, "num_branches": 6, "num_partial_branches": 0, "covered_branches": 6, "missing_branches": 0}}