{"meta": {"version": "7.2.2", "timestamp": "2024-08-29T14:07:15.749209", "branch_coverage": true, "show_contexts": false}, "files": {"test_temp.py": {"executed_lines": [1, 4, 6, 7, 8, 9, 10, 12, 13, 14, 15, 16, 17, 19, 20, 21, 22, 23, 24, 25, 26, 28, 29, 30, 31, 32, 33, 34, 36, 37, 38, 39, 40, 41, 42, 43, 44, 45, 46, 47, 49, 50, 51, 53, 54, 55, 57, 59, 60, 61, 62, 64, 66, 67, 69, 71, 72, 74, 75, 76, 77, 78, 79, 81, 82, 84, 85, 86, 87, 88, 89, 91, 92, 94, 95, 96, 97, 98, 99], "summary": {"covered_lines": 79, "num_statements": 79, "percent_covered": 100.0, "percent_covered_display": "100", "missing_lines": 0, "excluded_lines": 0, "num_branches": 32, "num_partial_branches": 0, "covered_branches": 32, "missing_branches": 0}, "missing_lines": [], "excluded_lines": [], "executed_branches": [[22, 23], [22, 24], [30, 31], [30, 32], [32, -32], [32, 32], [32, 33], [33, -33], [33, 33], [33, 34], [34, -34], [34, -28], [34, 34], [38, 39], [38, 40], [40, -40], [40, 40], [40, 41], [41, -41], [41, 41], [41, 42], [42, -42], [42, -36], [42, 42], [54, 55], [54, 57], [60, 61], [60, 66], [61, 62], [61, 64], [66, 67], [66, 69], [75, 76], [75, 79], [85, 86], [85, 89], [95, 96], [95, 99]], "missing_branches": []}}, "totals": {"covered_lines": 79, "num_statements": 79, "percent_covered": 100.0, "percent_covered_display": "100", "missing_lines": 0, "excluded_lines": 0, "num_branches": 32, "num_partial_branches": 0, "covered_branches": 32, "missing_branches": 0}}