{"meta": {"version": "7.2.2", "timestamp": "2024-08-19T15:03:36.804773", "branch_coverage": true, "show_contexts": false}, "files": {"test_temp.py": {"executed_lines": [1, 2, 3, 5, 6, 8, 9, 10, 11, 15, 17, 18, 19, 20, 21, 23, 25, 26, 27, 28, 32, 34, 35, 36, 37, 41, 43, 44, 45, 46, 49, 52, 55, 57, 58, 59, 60, 63, 64, 67, 68, 71, 74], "summary": {"covered_lines": 43, "num_statements": 56, "percent_covered": 75.0, "percent_covered_display": "75", "missing_lines": 13, "excluded_lines": 0, "num_branches": 12, "num_partial_branches": 0, "covered_branches": 8, "missing_branches": 4}, "missing_lines": [12, 13, 29, 30, 38, 39, 47, 48, 77, 80, 82, 84, 87], "excluded_lines": [], "executed_branches": [[58, 59], [58, 63], [59, 58], [59, 60], [63, 64], [63, 67], [71, -71], [71, 74]], "missing_branches": [[80, 82], [80, 87], [82, -82], [82, 84]]}}, "totals": {"covered_lines": 43, "num_statements": 56, "percent_covered": 75.0, "percent_covered_display": "75", "missing_lines": 13, "excluded_lines": 0, "num_branches": 12, "num_partial_branches": 0, "covered_branches": 8, "missing_branches": 4}}