{"meta": {"version": "7.2.2", "timestamp": "2024-08-06T20:51:23.103157", "branch_coverage": true, "show_contexts": false}, "files": {"test_temp.py": {"executed_lines": [1, 4, 5, 6, 8, 9, 11, 12, 14, 15, 17, 18, 19, 22, 31, 34, 35, 36, 40, 41, 43], "summary": {"covered_lines": 21, "num_statements": 21, "percent_covered": 100.0, "percent_covered_display": "100", "missing_lines": 0, "excluded_lines": 0, "num_branches": 4, "num_partial_branches": 0, "covered_branches": 4, "missing_branches": 0}, "missing_lines": [], "excluded_lines": [], "executed_branches": [[35, 36], [35, 40], [40, 41], [40, 43]], "missing_branches": []}}, "totals": {"covered_lines": 21, "num_statements": 21, "percent_covered": 100.0, "percent_covered_display": "100", "missing_lines": 0, "excluded_lines": 0, "num_branches": 4, "num_partial_branches": 0, "covered_branches": 4, "missing_branches": 0}}