{"meta": {"version": "7.2.2", "timestamp": "2024-08-18T10:41:00.538500", "branch_coverage": true, "show_contexts": false}, "files": {"test_temp.py": {"executed_lines": [1, 2, 3, 4, 6, 7, 9, 12, 13, 14, 17, 22, 25, 26, 28, 30, 31, 32, 33, 34, 35, 36, 38, 40, 41, 42, 43, 44, 45, 46, 48, 50, 51, 52, 53, 54, 55, 56, 58, 60, 61, 62, 63, 64, 65, 66, 68, 71, 82, 85, 86, 88, 89, 92, 93, 94, 96, 99, 100, 103, 104, 106], "summary": {"covered_lines": 62, "num_statements": 64, "percent_covered": 97.05882352941177, "percent_covered_display": "97", "missing_lines": 2, "excluded_lines": 0, "num_branches": 4, "num_partial_branches": 0, "covered_branches": 4, "missing_branches": 0}, "missing_lines": [108, 109], "excluded_lines": [], "executed_branches": [[92, 93], [92, 99], [93, 94], [93, 96]], "missing_branches": []}}, "totals": {"covered_lines": 62, "num_statements": 64, "percent_covered": 97.05882352941177, "percent_covered_display": "97", "missing_lines": 2, "excluded_lines": 0, "num_branches": 4, "num_partial_branches": 0, "covered_branches": 4, "missing_branches": 0}}