{"meta": {"version": "7.2.2", "timestamp": "2024-08-16T14:53:15.983525", "branch_coverage": true, "show_contexts": false}, "files": {"test_temp.py": {"executed_lines": [1, 4, 5, 6, 7, 8, 9, 10, 12, 13, 14, 15, 16, 18, 19, 20, 21, 22, 23, 24, 25, 27, 28, 29, 30, 31, 32, 34, 35, 36, 37, 38, 40, 49, 51, 57, 58, 60, 63, 66, 69, 71, 73, 74], "summary": {"covered_lines": 44, "num_statements": 47, "percent_covered": 94.11764705882354, "percent_covered_display": "94", "missing_lines": 3, "excluded_lines": 0, "num_branches": 4, "num_partial_branches": 0, "covered_branches": 4, "missing_branches": 0}, "missing_lines": [52, 53, 54], "excluded_lines": [], "executed_branches": [[57, 58], [57, 73], [69, -69], [69, 69], [69, 71]], "missing_branches": []}}, "totals": {"covered_lines": 44, "num_statements": 47, "percent_covered": 94.11764705882354, "percent_covered_display": "94", "missing_lines": 3, "excluded_lines": 0, "num_branches": 4, "num_partial_branches": 0, "covered_branches": 4, "missing_branches": 0}}