{"meta": {"version": "7.2.2", "timestamp": "2024-08-29T13:17:17.088271", "branch_coverage": true, "show_contexts": false}, "files": {"test_temp.py": {"executed_lines": [1, 3, 4, 5, 6, 9, 10, 11, 12, 13, 14, 15, 17, 18, 19, 21, 22, 23, 24, 25, 27, 28, 30, 31, 32, 33, 34, 36, 37, 39, 40, 41, 42, 43, 44, 46, 47, 48, 49, 51, 52, 53, 54, 55, 56, 58, 59, 60, 61, 62, 65, 66, 73, 74, 75, 77, 78, 79, 80, 81, 84, 85, 87, 89, 90, 91, 93, 94, 95, 97], "summary": {"covered_lines": 70, "num_statements": 74, "percent_covered": 95.0, "percent_covered_display": "95", "missing_lines": 4, "excluded_lines": 0, "num_branches": 6, "num_partial_branches": 0, "covered_branches": 6, "missing_branches": 0}, "missing_lines": [67, 68, 69, 70], "excluded_lines": [], "executed_branches": [[74, 75], [74, 77], [87, 89], [87, 97], [93, 87], [93, 94]], "missing_branches": []}}, "totals": {"covered_lines": 70, "num_statements": 74, "percent_covered": 95.0, "percent_covered_display": "95", "missing_lines": 4, "excluded_lines": 0, "num_branches": 6, "num_partial_branches": 0, "covered_branches": 6, "missing_branches": 0}}