{"meta": {"version": "7.2.2", "timestamp": "2024-08-06T22:20:17.888373", "branch_coverage": true, "show_contexts": false}, "files": {"test_temp.py": {"executed_lines": [1, 2, 5, 6, 7, 8, 9, 10, 13, 14, 15, 17, 18, 19, 20, 21, 24, 25, 26, 28, 29, 30, 33, 34, 35, 37, 38, 39, 40, 41, 44, 45, 46, 48, 49, 50, 51, 52, 55, 56, 57, 58, 59, 60, 63, 75, 76, 77, 78, 79, 80, 81, 82, 83, 84, 85, 86, 87], "summary": {"covered_lines": 58, "num_statements": 58, "percent_covered": 100.0, "percent_covered_display": "100", "missing_lines": 0, "excluded_lines": 0, "num_branches": 8, "num_partial_branches": 0, "covered_branches": 8, "missing_branches": 0}, "missing_lines": [], "excluded_lines": [], "executed_branches": [[76, 77], [76, 87], [77, 76], [77, 78], [78, 77], [78, 79], [83, 77], [83, 84]], "missing_branches": []}}, "totals": {"covered_lines": 58, "num_statements": 58, "percent_covered": 100.0, "percent_covered_display": "100", "missing_lines": 0, "excluded_lines": 0, "num_branches": 8, "num_partial_branches": 0, "covered_branches": 8, "missing_branches": 0}}