{"meta": {"version": "7.2.2", "timestamp": "2024-08-12T10:09:13.030041", "branch_coverage": true, "show_contexts": false}, "files": {"test_temp.py": {"executed_lines": [1, 4, 6, 8, 10, 12, 13, 14, 16, 18, 20, 22, 23, 24, 26, 28, 30, 31, 32, 33, 35, 37, 38, 39, 41, 42, 43, 44, 45, 46, 48, 50, 51, 53, 54, 55, 57, 59, 60, 62, 64], "summary": {"covered_lines": 41, "num_statements": 41, "percent_covered": 100.0, "percent_covered_display": "100", "missing_lines": 0, "excluded_lines": 0, "num_branches": 8, "num_partial_branches": 0, "covered_branches": 8, "missing_branches": 0}, "missing_lines": [], "excluded_lines": [], "executed_branches": [[23, 24], [23, 26], [51, -48], [51, 53], [59, -57], [59, 60], [64, -64], [64, -62], [64, 64]], "missing_branches": []}}, "totals": {"covered_lines": 41, "num_statements": 41, "percent_covered": 100.0, "percent_covered_display": "100", "missing_lines": 0, "excluded_lines": 0, "num_branches": 8, "num_partial_branches": 0, "covered_branches": 8, "missing_branches": 0}}