{"meta": {"version": "7.2.2", "timestamp": "2024-08-29T13:28:18.009918", "branch_coverage": true, "show_contexts": false}, "files": {"test_temp.py": {"executed_lines": [1, 4, 6, 7, 8, 14, 16, 17, 18, 24, 26, 27, 28, 34, 36, 37, 38, 44, 46, 47, 48, 54, 56, 57, 60, 71, 74, 76, 77, 78, 81, 82, 83, 85], "summary": {"covered_lines": 34, "num_statements": 35, "percent_covered": 94.5945945945946, "percent_covered_display": "95", "missing_lines": 1, "excluded_lines": 0, "num_branches": 2, "num_partial_branches": 1, "covered_branches": 1, "missing_branches": 1}, "missing_lines": [72], "excluded_lines": [], "executed_branches": [[71, 74]], "missing_branches": [[71, 72]]}}, "totals": {"covered_lines": 34, "num_statements": 35, "percent_covered": 94.5945945945946, "percent_covered_display": "95", "missing_lines": 1, "excluded_lines": 0, "num_branches": 2, "num_partial_branches": 1, "covered_branches": 1, "missing_branches": 1}}