{"meta": {"version": "7.2.2", "timestamp": "2024-08-12T10:40:48.447667", "branch_coverage": true, "show_contexts": false}, "files": {"test_temp.py": {"executed_lines": [1, 2, 3, 6, 8, 9, 11, 12, 13, 14, 15, 17, 19, 21, 22, 24, 25, 26, 27, 28, 30, 32, 34, 35, 37, 38, 39, 40, 41, 43, 45, 47, 48, 50, 51, 52, 53, 54, 56, 58, 60, 61, 63, 64, 65, 66, 67, 69, 71, 72, 75, 77, 80, 81, 82, 83, 86, 87, 88, 90], "summary": {"covered_lines": 60, "num_statements": 60, "percent_covered": 100.0, "percent_covered_display": "100", "missing_lines": 0, "excluded_lines": 0, "num_branches": 0, "num_partial_branches": 0, "covered_branches": 0, "missing_branches": 0}, "missing_lines": [], "excluded_lines": [], "executed_branches": [], "missing_branches": []}}, "totals": {"covered_lines": 60, "num_statements": 60, "percent_covered": 100.0, "percent_covered_display": "100", "missing_lines": 0, "excluded_lines": 0, "num_branches": 0, "num_partial_branches": 0, "covered_branches": 0, "missing_branches": 0}}