{"meta": {"version": "7.2.2", "timestamp": "2024-08-12T16:14:34.104708", "branch_coverage": true, "show_contexts": false}, "files": {"test_temp.py": {"executed_lines": [1, 4, 5, 7, 12, 17, 18, 20, 22, 27, 32, 33, 35, 37, 42, 47, 48, 50, 52, 53, 54, 56, 58, 60, 61, 62, 63, 65, 76, 79, 82, 85, 88, 90], "summary": {"covered_lines": 34, "num_statements": 34, "percent_covered": 100.0, "percent_covered_display": "100", "missing_lines": 0, "excluded_lines": 0, "num_branches": 6, "num_partial_branches": 0, "covered_branches": 6, "missing_branches": 0}, "missing_lines": [], "excluded_lines": [], "executed_branches": [[79, -79], [79, 79], [79, 82], [82, -82], [82, 82], [82, 85], [85, -85], [85, 85], [85, 88]], "missing_branches": []}}, "totals": {"covered_lines": 34, "num_statements": 34, "percent_covered": 100.0, "percent_covered_display": "100", "missing_lines": 0, "excluded_lines": 0, "num_branches": 6, "num_partial_branches": 0, "covered_branches": 6, "missing_branches": 0}}