{"meta": {"version": "7.2.2", "timestamp": "2024-08-06T21:04:31.369113", "branch_coverage": true, "show_contexts": false}, "files": {"test_temp.py": {"executed_lines": [1, 4, 11, 12, 13, 14, 15, 16, 18, 19, 20, 21, 22, 24, 25, 26, 27, 28, 30, 31, 32, 33, 34, 36, 37, 38, 39, 40, 41, 44, 55, 58, 59, 63], "summary": {"covered_lines": 34, "num_statements": 38, "percent_covered": 85.71428571428571, "percent_covered_display": "86", "missing_lines": 4, "excluded_lines": 0, "num_branches": 4, "num_partial_branches": 0, "covered_branches": 2, "missing_branches": 2}, "missing_lines": [5, 6, 7, 8], "excluded_lines": [], "executed_branches": [[58, 59], [58, 63]], "missing_branches": [[6, 7], [6, 8]]}}, "totals": {"covered_lines": 34, "num_statements": 38, "percent_covered": 85.71428571428571, "percent_covered_display": "86", "missing_lines": 4, "excluded_lines": 0, "num_branches": 4, "num_partial_branches": 0, "covered_branches": 2, "missing_branches": 2}}