{"meta": {"version": "7.2.2", "timestamp": "2024-08-19T15:33:33.752639", "branch_coverage": true, "show_contexts": false}, "files": {"test_temp.py": {"executed_lines": [1, 2, 5, 6, 8, 9, 10, 11, 12, 13, 15, 17, 21, 22, 23, 24, 28, 30, 32, 33, 34, 35, 36, 38, 40, 41, 42, 43, 44, 46, 48, 52, 53, 54, 55, 59, 60, 63, 67, 68, 71, 72, 75, 80], "summary": {"covered_lines": 44, "num_statements": 44, "percent_covered": 100.0, "percent_covered_display": "100", "missing_lines": 0, "excluded_lines": 0, "num_branches": 2, "num_partial_branches": 0, "covered_branches": 2, "missing_branches": 0}, "missing_lines": [], "excluded_lines": [], "executed_branches": [[75, -75], [75, 75], [75, 80]], "missing_branches": []}}, "totals": {"covered_lines": 44, "num_statements": 44, "percent_covered": 100.0, "percent_covered_display": "100", "missing_lines": 0, "excluded_lines": 0, "num_branches": 2, "num_partial_branches": 0, "covered_branches": 2, "missing_branches": 0}}