{"meta": {"version": "7.2.2", "timestamp": "2024-08-17T10:38:41.840950", "branch_coverage": true, "show_contexts": false}, "files": {"test_temp.py": {"executed_lines": [1, 2, 5, 6, 14, 15, 21, 22, 27, 29, 35], "summary": {"covered_lines": 11, "num_statements": 39, "percent_covered": 26.829268292682926, "percent_covered_display": "27", "missing_lines": 28, "excluded_lines": 0, "num_branches": 2, "num_partial_branches": 0, "covered_branches": 0, "missing_branches": 2}, "missing_lines": [8, 17, 18, 19, 24, 25, 31, 32, 33, 36, 38, 39, 44, 46, 47, 49, 50, 52, 55, 70, 71, 72, 73, 74, 77, 81, 84, 94], "excluded_lines": [], "executed_branches": [], "missing_branches": [[84, -84], [84, 94]]}}, "totals": {"covered_lines": 11, "num_statements": 39, "percent_covered": 26.829268292682926, "percent_covered_display": "27", "missing_lines": 28, "excluded_lines": 0, "num_branches": 2, "num_partial_branches": 0, "covered_branches": 0, "missing_branches": 2}}