{"meta": {"version": "7.2.2", "timestamp": "2024-08-17T09:54:47.116823", "branch_coverage": true, "show_contexts": false}, "files": {"test_temp.py": {"executed_lines": [1, 2, 3, 4, 7, 9, 11, 16, 17, 18, 20, 22, 24, 25, 28, 30, 36, 38, 39, 40, 41, 45, 47, 51, 52, 53, 54, 55, 58, 60, 61, 63, 65, 70, 71, 74, 83, 84], "summary": {"covered_lines": 38, "num_statements": 55, "percent_covered": 63.9344262295082, "percent_covered_display": "64", "missing_lines": 17, "excluded_lines": 0, "num_branches": 6, "num_partial_branches": 3, "covered_branches": 1, "missing_branches": 5}, "missing_lines": [26, 31, 32, 33, 34, 42, 43, 56, 66, 67, 68, 69, 85, 88, 90, 93, 96], "excluded_lines": [], "executed_branches": [[25, -22], [84, -74]], "missing_branches": [[25, 26], [84, 85], [84, 88], [90, -74], [90, 93]]}}, "totals": {"covered_lines": 38, "num_statements": 55, "percent_covered": 63.9344262295082, "percent_covered_display": "64", "missing_lines": 17, "excluded_lines": 0, "num_branches": 6, "num_partial_branches": 3, "covered_branches": 1, "missing_branches": 5}}