{"meta": {"version": "7.2.2", "timestamp": "2024-08-16T16:44:54.165841", "branch_coverage": true, "show_contexts": false}, "files": {"test_temp.py": {"executed_lines": [1, 2, 3, 4, 7, 9, 11, 16, 17, 18, 20, 22, 24, 25, 26, 28, 30, 31, 32, 33, 34, 36, 38, 39, 40, 41, 45, 47, 51, 52, 53, 54, 55, 56, 58, 60, 61, 63, 65, 66, 67, 68, 69, 70, 71, 74, 83, 86, 88, 91, 94], "summary": {"covered_lines": 51, "num_statements": 53, "percent_covered": 96.49122807017544, "percent_covered_display": "96", "missing_lines": 2, "excluded_lines": 0, "num_branches": 4, "num_partial_branches": 0, "covered_branches": 4, "missing_branches": 0}, "missing_lines": [42, 43], "excluded_lines": [], "executed_branches": [[25, -22], [25, 26], [88, -74], [88, 91]], "missing_branches": []}}, "totals": {"covered_lines": 51, "num_statements": 53, "percent_covered": 96.49122807017544, "percent_covered_display": "96", "missing_lines": 2, "excluded_lines": 0, "num_branches": 4, "num_partial_branches": 0, "covered_branches": 4, "missing_branches": 0}}