{"meta": {"version": "7.2.2", "timestamp": "2024-08-29T13:36:52.378396", "branch_coverage": true, "show_contexts": false}, "files": {"test_temp.py": {"executed_lines": [1, 3, 6, 8, 10, 11, 12, 16, 18, 19, 20, 24, 26, 27, 28, 29, 31, 33, 34, 35, 38, 40, 41, 42, 45, 48, 60, 63, 64, 65, 68], "summary": {"covered_lines": 31, "num_statements": 44, "percent_covered": 70.45454545454545, "percent_covered_display": "70", "missing_lines": 13, "excluded_lines": 0, "num_branches": 0, "num_partial_branches": 0, "covered_branches": 0, "missing_branches": 0}, "missing_lines": [13, 14, 21, 22, 36, 43, 44, 69, 70, 73, 76, 81, 83], "excluded_lines": [], "executed_branches": [], "missing_branches": []}}, "totals": {"covered_lines": 31, "num_statements": 44, "percent_covered": 70.45454545454545, "percent_covered_display": "70", "missing_lines": 13, "excluded_lines": 0, "num_branches": 0, "num_partial_branches": 0, "covered_branches": 0, "missing_branches": 0}}