{"meta": {"version": "7.2.2", "timestamp": "2024-08-19T10:07:56.661714", "branch_coverage": true, "show_contexts": false}, "files": {"test_temp.py": {"executed_lines": [1, 2, 4, 6, 9, 14, 16, 18, 19, 22, 24, 25, 30, 33, 35, 36, 41, 44, 46, 47, 52, 55, 57, 58, 59, 61, 63, 75, 78, 79, 80, 83], "summary": {"covered_lines": 32, "num_statements": 43, "percent_covered": 74.4186046511628, "percent_covered_display": "74", "missing_lines": 11, "excluded_lines": 0, "num_branches": 0, "num_partial_branches": 0, "covered_branches": 0, "missing_branches": 0}, "missing_lines": [20, 31, 42, 53, 60, 84, 85, 88, 91, 96, 98], "excluded_lines": [], "executed_branches": [], "missing_branches": []}}, "totals": {"covered_lines": 32, "num_statements": 43, "percent_covered": 74.4186046511628, "percent_covered_display": "74", "missing_lines": 11, "excluded_lines": 0, "num_branches": 0, "num_partial_branches": 0, "covered_branches": 0, "missing_branches": 0}}