{"meta": {"version": "7.2.2", "timestamp": "2024-08-16T19:23:01.152879", "branch_coverage": true, "show_contexts": false}, "files": {"test_temp.py": {"executed_lines": [1, 3, 4, 7, 8, 10, 11, 15, 17, 18, 19, 21, 23, 24, 25, 27, 29, 30, 31, 33, 35, 36, 37, 40, 54, 55, 58, 59, 60, 62, 68, 69, 70, 71, 72, 73, 74], "summary": {"covered_lines": 37, "num_statements": 40, "percent_covered": 91.66666666666667, "percent_covered_display": "92", "missing_lines": 3, "excluded_lines": 0, "num_branches": 8, "num_partial_branches": 1, "covered_branches": 7, "missing_branches": 1}, "missing_lines": [5, 12, 13], "excluded_lines": [], "executed_branches": [[62, -62], [62, 62], [62, 68], [68, -40], [68, 69], [69, 70], [71, 68], [71, 72]], "missing_branches": [[69, 68]]}}, "totals": {"covered_lines": 37, "num_statements": 40, "percent_covered": 91.66666666666667, "percent_covered_display": "92", "missing_lines": 3, "excluded_lines": 0, "num_branches": 8, "num_partial_branches": 1, "covered_branches": 7, "missing_branches": 1}}