{"meta": {"version": "7.2.2", "timestamp": "2024-08-18T16:57:13.990068", "branch_coverage": true, "show_contexts": false}, "files": {"test_temp.py": {"executed_lines": [1, 4, 5, 6, 7, 9, 10, 11, 13, 14, 16, 17, 19, 22, 23, 26, 27, 28, 29, 30, 31, 34, 35, 38, 39, 40, 41, 42, 43], "summary": {"covered_lines": 29, "num_statements": 31, "percent_covered": 91.89189189189189, "percent_covered_display": "92", "missing_lines": 2, "excluded_lines": 0, "num_branches": 6, "num_partial_branches": 1, "covered_branches": 5, "missing_branches": 1}, "missing_lines": [18, 46], "excluded_lines": [], "executed_branches": [[34, 35], [34, 38], [39, 40], [42, 39], [42, 43]], "missing_branches": [[39, 46]]}}, "totals": {"covered_lines": 29, "num_statements": 31, "percent_covered": 91.89189189189189, "percent_covered_display": "92", "missing_lines": 2, "excluded_lines": 0, "num_branches": 6, "num_partial_branches": 1, "covered_branches": 5, "missing_branches": 1}}