{"meta": {"version": "7.2.2", "timestamp": "2024-08-16T16:37:46.313702", "branch_coverage": true, "show_contexts": false}, "files": {"test_temp.py": {"executed_lines": [1, 2, 5, 6, 7, 8, 9, 10, 12, 13, 14, 15, 16, 18, 19, 20, 21, 22, 24, 25, 26, 27, 29, 30, 31, 32, 33, 35, 36, 39, 50, 51, 53, 54, 55, 57, 58, 60, 61, 66], "summary": {"covered_lines": 40, "num_statements": 42, "percent_covered": 95.45454545454545, "percent_covered_display": "95", "missing_lines": 2, "excluded_lines": 0, "num_branches": 2, "num_partial_branches": 0, "covered_branches": 2, "missing_branches": 0}, "missing_lines": [62, 64], "excluded_lines": [], "executed_branches": [[57, 58], [57, 66]], "missing_branches": []}}, "totals": {"covered_lines": 40, "num_statements": 42, "percent_covered": 95.45454545454545, "percent_covered_display": "95", "missing_lines": 2, "excluded_lines": 0, "num_branches": 2, "num_partial_branches": 0, "covered_branches": 2, "missing_branches": 0}}