{"meta": {"version": "7.2.2", "timestamp": "2024-08-29T14:24:33.110979", "branch_coverage": true, "show_contexts": false}, "files": {"test_temp.py": {"executed_lines": [1, 2, 5, 7, 8, 9, 10, 11, 12, 14, 15, 16, 17, 18, 19, 20, 23, 24, 25, 26, 27, 28, 29, 33, 35, 36, 37, 38, 39, 40, 41, 45, 47, 48, 49, 50, 51, 52, 53, 58, 60, 61, 64, 66, 67, 70, 73, 76, 77, 78, 81, 82, 85, 86, 89, 90, 92, 93, 94, 97, 98], "summary": {"covered_lines": 61, "num_statements": 62, "percent_covered": 98.57142857142857, "percent_covered_display": "99", "missing_lines": 1, "excluded_lines": 0, "num_branches": 8, "num_partial_branches": 0, "covered_branches": 8, "missing_branches": 0}, "missing_lines": [21], "excluded_lines": [], "executed_branches": [[70, -70], [70, 70], [70, 73], [77, 78], [77, 81], [85, -64], [85, 86], [89, 90], [89, 92]], "missing_branches": []}}, "totals": {"covered_lines": 61, "num_statements": 62, "percent_covered": 98.57142857142857, "percent_covered_display": "99", "missing_lines": 1, "excluded_lines": 0, "num_branches": 8, "num_partial_branches": 0, "covered_branches": 8, "missing_branches": 0}}