{"meta": {"version": "7.2.2", "timestamp": "2024-08-18T09:38:31.948544", "branch_coverage": true, "show_contexts": false}, "files": {"test_temp.py": {"executed_lines": [1, 2, 3, 6, 7, 8, 9, 10, 11, 12, 13, 18, 19, 20, 21, 22, 23, 24, 26, 27, 28, 29, 30, 31, 32, 37, 38, 39, 40, 41, 42, 43, 48, 49, 50, 51, 52, 53, 54, 58, 59, 62, 64, 65, 68, 71, 74, 75, 76, 79, 80, 83, 84, 87, 88, 90, 91, 92, 95, 96], "summary": {"covered_lines": 60, "num_statements": 64, "percent_covered": 94.44444444444444, "percent_covered_display": "94", "missing_lines": 4, "excluded_lines": 0, "num_branches": 8, "num_partial_branches": 0, "covered_branches": 8, "missing_branches": 0}, "missing_lines": [16, 35, 46, 57], "excluded_lines": [], "executed_branches": [[68, -68], [68, 68], [68, 71], [75, 76], [75, 79], [83, -62], [83, 84], [87, 88], [87, 90]], "missing_branches": []}}, "totals": {"covered_lines": 60, "num_statements": 64, "percent_covered": 94.44444444444444, "percent_covered_display": "94", "missing_lines": 4, "excluded_lines": 0, "num_branches": 8, "num_partial_branches": 0, "covered_branches": 8, "missing_branches": 0}}