{"meta": {"version": "7.2.2", "timestamp": "2024-08-17T10:41:11.540524", "branch_coverage": true, "show_contexts": false}, "files": {"test_temp.py": {"executed_lines": [1, 2, 5, 6, 8, 9, 10, 11, 13, 14, 15, 16, 17, 19, 21, 22, 23, 24, 25, 27, 29, 30, 31, 32, 34, 36, 37, 38, 40, 42, 43, 44, 45, 46, 47, 48, 50, 53, 71, 72, 73, 74, 75, 76, 79, 80, 81, 82, 83, 84, 86], "summary": {"covered_lines": 51, "num_statements": 51, "percent_covered": 100.0, "percent_covered_display": "100", "missing_lines": 0, "excluded_lines": 0, "num_branches": 4, "num_partial_branches": 0, "covered_branches": 4, "missing_branches": 0}, "missing_lines": [], "excluded_lines": [], "executed_branches": [[74, 75], [74, 86], [75, 76], [75, 79]], "missing_branches": []}}, "totals": {"covered_lines": 51, "num_statements": 51, "percent_covered": 100.0, "percent_covered_display": "100", "missing_lines": 0, "excluded_lines": 0, "num_branches": 4, "num_partial_branches": 0, "covered_branches": 4, "missing_branches": 0}}