{"meta": {"version": "7.2.2", "timestamp": "2024-08-17T09:31:33.049193", "branch_coverage": true, "show_contexts": false}, "files": {"test_temp.py": {"executed_lines": [1, 4, 5, 7, 9, 11, 13, 15, 17, 19, 21, 23, 24, 27, 28, 29, 30, 31, 32, 33, 34, 35], "summary": {"covered_lines": 22, "num_statements": 22, "percent_covered": 100.0, "percent_covered_display": "100", "missing_lines": 0, "excluded_lines": 0, "num_branches": 4, "num_partial_branches": 0, "covered_branches": 4, "missing_branches": 0}, "missing_lines": [], "excluded_lines": [], "executed_branches": [[30, 31], [30, 35], [31, 32], [31, 34]], "missing_branches": []}}, "totals": {"covered_lines": 22, "num_statements": 22, "percent_covered": 100.0, "percent_covered_display": "100", "missing_lines": 0, "excluded_lines": 0, "num_branches": 4, "num_partial_branches": 0, "covered_branches": 4, "missing_branches": 0}}