{"meta": {"version": "7.2.2", "timestamp": "2024-08-12T15:50:11.760300", "branch_coverage": true, "show_contexts": false}, "files": {"test_temp.py": {"executed_lines": [1, 4, 5, 7, 12, 17, 18, 20, 22, 26, 27, 29, 31, 36, 37, 38, 40, 42, 43, 44, 45, 47, 49, 54, 57, 58, 60, 74, 75, 76, 77, 80, 81, 83], "summary": {"covered_lines": 34, "num_statements": 34, "percent_covered": 100.0, "percent_covered_display": "100", "missing_lines": 0, "excluded_lines": 0, "num_branches": 7, "num_partial_branches": 0, "covered_branches": 7, "missing_branches": 0}, "missing_lines": [], "excluded_lines": [], "executed_branches": [[74, 75], [74, 76], [76, -76], [76, 76], [76, 77], [76, 80], [81, -81], [81, 81], [81, 83]], "missing_branches": []}}, "totals": {"covered_lines": 34, "num_statements": 34, "percent_covered": 100.0, "percent_covered_display": "100", "missing_lines": 0, "excluded_lines": 0, "num_branches": 7, "num_partial_branches": 0, "covered_branches": 7, "missing_branches": 0}}