{"meta": {"version": "7.2.2", "timestamp": "2024-08-12T15:20:47.734102", "branch_coverage": true, "show_contexts": false}, "files": {"test_temp.py": {"executed_lines": [1, 4, 5, 7, 8, 10, 12, 24, 26, 28, 30, 31, 33, 35, 43, 47, 49, 51, 52, 54, 57, 68, 69, 70, 72, 74, 75, 76, 78], "summary": {"covered_lines": 29, "num_statements": 29, "percent_covered": 100.0, "percent_covered_display": "100", "missing_lines": 0, "excluded_lines": 0, "num_branches": 2, "num_partial_branches": 0, "covered_branches": 2, "missing_branches": 0}, "missing_lines": [], "excluded_lines": [], "executed_branches": [[72, 74], [72, 78]], "missing_branches": []}}, "totals": {"covered_lines": 29, "num_statements": 29, "percent_covered": 100.0, "percent_covered_display": "100", "missing_lines": 0, "excluded_lines": 0, "num_branches": 2, "num_partial_branches": 0, "covered_branches": 2, "missing_branches": 0}}