{"meta": {"version": "7.2.2", "timestamp": "2024-08-29T14:18:32.855960", "branch_coverage": true, "show_contexts": false}, "files": {"test_temp.py": {"executed_lines": [1, 4, 6, 8, 9, 11, 13, 14, 15, 16, 18, 20, 21, 22, 24, 26, 32, 33, 34, 35, 37, 39, 40, 41, 42, 43, 45, 46, 47, 48, 49, 51, 52, 53, 54, 56, 71, 72, 75, 76, 77, 78, 81, 82, 83, 85, 86, 87, 88, 89, 90, 91, 92, 94, 95, 97], "summary": {"covered_lines": 56, "num_statements": 56, "percent_covered": 100.0, "percent_covered_display": "100", "missing_lines": 0, "excluded_lines": 0, "num_branches": 26, "num_partial_branches": 0, "covered_branches": 26, "missing_branches": 0}, "missing_lines": [], "excluded_lines": [], "executed_branches": [[22, -22], [22, -18], [22, 22], [33, -33], [33, 33], [33, 34], [71, -71], [71, 71], [71, 72], [72, -72], [72, 72], [72, 75], [75, 76], [75, 81], [76, 75], [76, 77], [81, -81], [81, 81], [81, 82], [82, -82], [82, 82], [82, 83], [85, 86], [85, 94], [88, 85], [88, 89], [90, 88], [90, 91], [94, 95], [94, 97], [97, -97], [97, -56], [97, 97]], "missing_branches": []}}, "totals": {"covered_lines": 56, "num_statements": 56, "percent_covered": 100.0, "percent_covered_display": "100", "missing_lines": 0, "excluded_lines": 0, "num_branches": 26, "num_partial_branches": 0, "covered_branches": 26, "missing_branches": 0}}