{"meta": {"version": "7.2.2", "timestamp": "2024-08-16T19:34:21.842648", "branch_coverage": true, "show_contexts": false}, "files": {"test_temp.py": {"executed_lines": [1, 2, 5, 7, 9, 10, 11, 12, 14, 16, 17, 18, 19, 21, 23, 24, 25, 26, 28, 30, 31, 32, 34, 36, 37, 38, 39, 41, 54, 55, 56, 58, 59, 60, 61, 62, 63, 65, 66, 67, 68, 69, 70, 72, 81], "summary": {"covered_lines": 45, "num_statements": 51, "percent_covered": 87.6923076923077, "percent_covered_display": "88", "missing_lines": 6, "excluded_lines": 0, "num_branches": 14, "num_partial_branches": 0, "covered_branches": 12, "missing_branches": 2}, "missing_lines": [74, 75, 76, 77, 78, 79], "excluded_lines": [], "executed_branches": [[60, 61], [60, 81], [62, -62], [62, 62], [62, 63], [63, -63], [63, 63], [63, 65], [65, 66], [65, 72], [66, 65], [66, 67], [68, 66], [68, 69]], "missing_branches": [[74, 75], [74, 77]]}}, "totals": {"covered_lines": 45, "num_statements": 51, "percent_covered": 87.6923076923077, "percent_covered_display": "88", "missing_lines": 6, "excluded_lines": 0, "num_branches": 14, "num_partial_branches": 0, "covered_branches": 12, "missing_branches": 2}}