{"meta": {"version": "7.2.2", "timestamp": "2024-08-16T21:07:45.554911", "branch_coverage": true, "show_contexts": false}, "files": {"test_temp.py": {"executed_lines": [1, 3, 5, 7, 8, 9, 10, 12, 14, 15, 16, 17, 19, 21, 22, 24, 26, 27, 29, 31, 32, 33, 34, 37, 54, 55, 56, 57, 59, 60, 63, 66], "summary": {"covered_lines": 32, "num_statements": 32, "percent_covered": 100.0, "percent_covered_display": "100", "missing_lines": 0, "excluded_lines": 0, "num_branches": 6, "num_partial_branches": 0, "covered_branches": 6, "missing_branches": 0}, "missing_lines": [], "excluded_lines": [], "executed_branches": [[54, 55], [54, 56], [59, 60], [59, 63], [63, -63], [63, 63], [63, 66]], "missing_branches": []}}, "totals": {"covered_lines": 32, "num_statements": 32, "percent_covered": 100.0, "percent_covered_display": "100", "missing_lines": 0, "excluded_lines": 0, "num_branches": 6, "num_partial_branches": 0, "covered_branches": 6, "missing_branches": 0}}