{"meta": {"version": "7.2.2", "timestamp": "2024-08-14T14:40:35.805632", "branch_coverage": true, "show_contexts": false}, "files": {"test_temp.py": {"executed_lines": [1, 2, 3, 6, 7, 8, 12, 13, 14, 15, 17, 18, 21, 22, 23, 24, 26, 27, 31, 32, 33, 34, 36, 37, 40, 41, 42, 43, 45, 46, 52, 53, 54, 55, 57, 60, 70, 72, 73, 76, 79, 80, 81, 82, 83, 85, 87], "summary": {"covered_lines": 47, "num_statements": 53, "percent_covered": 86.88524590163935, "percent_covered_display": "87", "missing_lines": 6, "excluded_lines": 0, "num_branches": 8, "num_partial_branches": 0, "covered_branches": 6, "missing_branches": 2}, "missing_lines": [89, 90, 91, 92, 93, 94], "excluded_lines": [], "executed_branches": [[79, 80], [79, 87], [81, 79], [81, 82], [82, 83], [82, 85]], "missing_branches": [[89, 90], [89, 92]]}}, "totals": {"covered_lines": 47, "num_statements": 53, "percent_covered": 86.88524590163935, "percent_covered_display": "87", "missing_lines": 6, "excluded_lines": 0, "num_branches": 8, "num_partial_branches": 0, "covered_branches": 6, "missing_branches": 2}}