{
  "meta": {
    "version": "7.2.2",
    "timestamp": "2024-08-06T20:33:38.756025",
    "branch_coverage": true,
    "show_contexts": false
  },
  "files": {
    "temp.py": {
      "executed_lines": [],
      "summary": {
        "covered_lines": 0,
        "num_statements": 21,
        "percent_covered": 0.0,
        "percent_covered_display": "0",
        "missing_lines": 21,
        "excluded_lines": 0,
        "num_branches": 0,
        "num_partial_branches": 0,
        "covered_branches": 0,
        "missing_branches": 0
      },
      "missing_lines": [
        1,
        4,
        5,
        6,
        8,
        9,
        11,
        12,
        14,
        15,
        17,
        18,
        19,
        22,
        31,
        32,
        33,
        35,
        36,
        37,
        39
      ],
      "excluded_lines": [],
      "executed_branches": [],
      "missing_branches": []
    },
    "test_temp.py": {
      "executed_lines": [
        1,
        4,
        5,
        6,
        8,
        9,
        11,
        12,
        14,
        15,
        17,
        18,
        19,
        22,
        31,
        32,
        33,
        35,
        36,
        37,
        39
      ],
      "summary": {
        "covered_lines": 21,
        "num_statements": 21,
        "percent_covered": 100.0,
        "percent_covered_display": "100",
        "missing_lines": 0,
        "excluded_lines": 0,
        "num_branches": 0,
        "num_partial_branches": 0,
        "covered_branches": 0,
        "missing_branches": 0
      },
      "missing_lines": [],
      "excluded_lines": [],
      "executed_branches": [],
      "missing_branches": []
    }
  },
  "totals": {
    "covered_lines": 21,
    "num_statements": 42,
    "percent_covered": 50.0,
    "percent_covered_display": "50",
    "missing_lines": 21,
    "excluded_lines": 0,
    "num_branches": 0,
    "num_partial_branches": 0,
    "covered_branches": 0,
    "missing_branches": 0
  }
}