{"meta": {"version": "7.2.2", "timestamp": "2024-08-18T16:36:20.645638", "branch_coverage": true, "show_contexts": false}, "files": {"test_temp.py": {"executed_lines": [1, 4, 5, 6, 7, 8, 10, 11, 12, 13, 15, 16, 17, 18, 20, 21, 22, 23, 25, 26, 27, 28, 29, 31, 32, 37, 38, 40, 41, 46, 48, 49, 50, 52, 54, 57, 58, 60, 61, 75, 77, 79, 80, 92, 95, 96, 98, 99, 101, 102, 104], "summary": {"covered_lines": 50, "num_statements": 50, "percent_covered": 100.0, "percent_covered_display": "100", "missing_lines": 0, "excluded_lines": 0, "num_branches": 12, "num_partial_branches": 0, "covered_branches": 12, "missing_branches": 0}, "missing_lines": [], "excluded_lines": [], "executed_branches": [[46, -40], [46, 48], [48, -40], [48, 49], [50, 52], [50, 58], [52, 54], [52, 57], [95, 96], [95, 98], [101, 102], [101, 104]], "missing_branches": []}}, "totals": {"covered_lines": 50, "num_statements": 50, "percent_covered": 100.0, "percent_covered_display": "100", "missing_lines": 0, "excluded_lines": 0, "num_branches": 12, "num_partial_branches": 0, "covered_branches": 12, "missing_branches": 0}}