{"meta": {"version": "7.2.2", "timestamp": "2024-08-11T16:51:26.105187", "branch_coverage": true, "show_contexts": false}, "files": {"test_temp.py": {"executed_lines": [1, 2, 5, 6, 7, 9, 10, 12, 13, 15, 16, 18, 19, 22, 26, 29, 34, 36, 37, 39], "summary": {"covered_lines": 20, "num_statements": 22, "percent_covered": 91.66666666666667, "percent_covered_display": "92", "missing_lines": 2, "excluded_lines": 0, "num_branches": 2, "num_partial_branches": 0, "covered_branches": 2, "missing_branches": 0}, "missing_lines": [23, 24], "excluded_lines": [], "executed_branches": [[36, 37], [36, 39]], "missing_branches": []}}, "totals": {"covered_lines": 20, "num_statements": 22, "percent_covered": 91.66666666666667, "percent_covered_display": "92", "missing_lines": 2, "excluded_lines": 0, "num_branches": 2, "num_partial_branches": 0, "covered_branches": 2, "missing_branches": 0}}