{"meta": {"version": "7.2.2", "timestamp": "2024-08-16T17:06:45.562024", "branch_coverage": true, "show_contexts": false}, "files": {"test_temp.py": {"executed_lines": [1, 2, 3, 6, 8, 10, 11, 12, 19, 20, 21, 23, 25, 26, 28, 30, 31, 32, 33, 35, 39, 41, 43, 44, 45, 46, 48, 50, 51, 52, 53, 54, 55, 56, 57, 59, 61, 62, 63, 64, 65, 66, 67, 68, 69, 71, 73, 78, 81, 82, 83, 84, 85, 86, 87, 88, 90, 93, 100, 101, 102, 105, 107, 108, 109], "summary": {"covered_lines": 65, "num_statements": 65, "percent_covered": 100.0, "percent_covered_display": "100", "missing_lines": 0, "excluded_lines": 0, "num_branches": 2, "num_partial_branches": 0, "covered_branches": 2, "missing_branches": 0}, "missing_lines": [], "excluded_lines": [], "executed_branches": [[105, -105], [105, 105], [105, 107]], "missing_branches": []}}, "totals": {"covered_lines": 65, "num_statements": 65, "percent_covered": 100.0, "percent_covered_display": "100", "missing_lines": 0, "excluded_lines": 0, "num_branches": 2, "num_partial_branches": 0, "covered_branches": 2, "missing_branches": 0}}