{"meta": {"version": "7.2.2", "timestamp": "2024-08-17T15:02:48.426691", "branch_coverage": true, "show_contexts": false}, "files": {"test_temp.py": {"executed_lines": [1, 2, 5, 6, 7, 8, 10, 11, 12, 13, 14, 16, 17, 18, 19, 20, 22, 23, 24, 25, 26, 28, 29, 30, 31, 32, 34, 35, 36, 37, 38, 39, 42, 43, 51, 52, 55, 58, 59, 60, 63, 65, 72, 73, 74, 75, 76, 77, 78, 79, 80, 81], "summary": {"covered_lines": 52, "num_statements": 52, "percent_covered": 98.38709677419355, "percent_covered_display": "98", "missing_lines": 0, "excluded_lines": 0, "num_branches": 10, "num_partial_branches": 1, "covered_branches": 9, "missing_branches": 1}, "missing_lines": [], "excluded_lines": [], "executed_branches": [[72, 73], [72, 74], [74, 75], [74, 76], [76, 77], [76, 78], [78, 79], [78, 80], [80, 81]], "missing_branches": [[80, -65]]}}, "totals": {"covered_lines": 52, "num_statements": 52, "percent_covered": 98.38709677419355, "percent_covered_display": "98", "missing_lines": 0, "excluded_lines": 0, "num_branches": 10, "num_partial_branches": 1, "covered_branches": 9, "missing_branches": 1}}