{"meta": {"version": "7.2.2", "timestamp": "2024-08-06T20:34:23.201599", "branch_coverage": true, "show_contexts": false}, "files": {"test_temp.py": {"executed_lines": [1, 2, 5, 7, 8, 11, 12, 14, 15, 16, 19, 20, 21, 22, 24, 25, 26, 27, 29, 30, 31, 32, 34, 35, 36, 37, 39, 40, 41, 42, 44, 45, 46, 47, 48, 54, 57, 59, 60, 61, 62, 65, 78, 79, 82, 83, 84, 86, 87], "summary": {"covered_lines": 49, "num_statements": 49, "percent_covered": 98.30508474576271, "percent_covered_display": "98", "missing_lines": 0, "excluded_lines": 0, "num_branches": 10, "num_partial_branches": 1, "covered_branches": 9, "missing_branches": 1}, "missing_lines": [], "excluded_lines": [], "executed_branches": [[7, 8], [19, -19], [19, 19], [19, 20], [21, -12], [21, 22], [60, 61], [60, 62], [78, 79], [78, 82]], "missing_branches": [[7, -5]]}}, "totals": {"covered_lines": 49, "num_statements": 49, "percent_covered": 98.30508474576271, "percent_covered_display": "98", "missing_lines": 0, "excluded_lines": 0, "num_branches": 10, "num_partial_branches": 1, "covered_branches": 9, "missing_branches": 1}}