{"meta": {"version": "7.2.2", "timestamp": "2024-08-14T11:45:33.342854", "branch_coverage": true, "show_contexts": false}, "files": {"test_temp.py": {"executed_lines": [1, 2, 3, 4, 6, 7, 8, 14, 15, 16, 17, 19, 20, 30, 31, 32, 33, 35, 36, 39, 40, 41, 42, 44, 45, 53, 54, 55, 56, 58, 59, 60, 61, 62, 63, 65, 66, 69, 81, 82, 85, 88, 89, 91, 93, 94, 97, 99], "summary": {"covered_lines": 48, "num_statements": 48, "percent_covered": 100.0, "percent_covered_display": "100", "missing_lines": 0, "excluded_lines": 0, "num_branches": 4, "num_partial_branches": 0, "covered_branches": 4, "missing_branches": 0}, "missing_lines": [], "excluded_lines": [], "executed_branches": [[88, 89], [88, 97], [91, 93], [91, 94]], "missing_branches": []}}, "totals": {"covered_lines": 48, "num_statements": 48, "percent_covered": 100.0, "percent_covered_display": "100", "missing_lines": 0, "excluded_lines": 0, "num_branches": 4, "num_partial_branches": 0, "covered_branches": 4, "missing_branches": 0}}