{"meta": {"version": "7.2.2", "timestamp": "2024-08-14T15:16:35.967534", "branch_coverage": true, "show_contexts": false}, "files": {"test_temp.py": {"executed_lines": [1, 3, 6, 7, 9, 13, 15, 17, 18, 22, 24, 26, 27, 31, 33, 35, 36, 38, 40, 41, 42, 44, 46, 50, 51, 52, 54, 65, 66, 68, 69], "summary": {"covered_lines": 31, "num_statements": 31, "percent_covered": 100.0, "percent_covered_display": "100", "missing_lines": 0, "excluded_lines": 0, "num_branches": 2, "num_partial_branches": 0, "covered_branches": 2, "missing_branches": 0}, "missing_lines": [], "excluded_lines": [], "executed_branches": [[65, 66], [65, 68]], "missing_branches": []}}, "totals": {"covered_lines": 31, "num_statements": 31, "percent_covered": 100.0, "percent_covered_display": "100", "missing_lines": 0, "excluded_lines": 0, "num_branches": 2, "num_partial_branches": 0, "covered_branches": 2, "missing_branches": 0}}