{"meta": {"version": "7.2.2", "timestamp": "2024-08-12T09:57:10.533458", "branch_coverage": true, "show_contexts": false}, "files": {"test_temp.py": {"executed_lines": [1, 2, 3, 6, 8, 10, 11, 13, 14, 15, 16, 17, 19, 21, 22, 23, 25, 27, 28, 30, 32, 33, 35, 37, 38, 40, 42, 43, 45, 47, 48, 50, 52, 53, 54, 55, 56, 58, 59, 62, 63, 66, 68, 70, 72, 73, 75, 76, 78, 80], "summary": {"covered_lines": 50, "num_statements": 50, "percent_covered": 100.0, "percent_covered_display": "100", "missing_lines": 0, "excluded_lines": 0, "num_branches": 8, "num_partial_branches": 0, "covered_branches": 8, "missing_branches": 0}, "missing_lines": [], "excluded_lines": [], "executed_branches": [[21, 22], [21, 23], [66, 68], [66, 80], [68, 66], [68, 70], [75, 76], [75, 78]], "missing_branches": []}}, "totals": {"covered_lines": 50, "num_statements": 50, "percent_covered": 100.0, "percent_covered_display": "100", "missing_lines": 0, "excluded_lines": 0, "num_branches": 8, "num_partial_branches": 0, "covered_branches": 8, "missing_branches": 0}}