{"meta": {"version": "7.2.2", "timestamp": "2024-08-19T09:44:33.771534", "branch_coverage": true, "show_contexts": false}, "files": {"test_temp.py": {"executed_lines": [1, 3, 5, 6, 7, 8, 9, 10, 12, 13, 14, 15, 16, 17, 19, 20, 21, 22, 23, 24, 26, 27, 28, 29, 30, 31, 33, 34, 35, 36, 37, 38, 43, 44, 45, 47, 48, 49, 52, 55, 60, 64], "summary": {"covered_lines": 42, "num_statements": 42, "percent_covered": 96.15384615384616, "percent_covered_display": "96", "missing_lines": 0, "excluded_lines": 0, "num_branches": 10, "num_partial_branches": 2, "covered_branches": 8, "missing_branches": 2}, "missing_lines": [], "excluded_lines": [], "executed_branches": [[48, -48], [48, 48], [48, 49], [49, 49], [49, 52], [52, -52], [52, 52], [52, 55], [55, 55], [55, 60], [60, -60], [60, 60], [60, 64]], "missing_branches": [[49, -49], [55, -55]]}}, "totals": {"covered_lines": 42, "num_statements": 42, "percent_covered": 96.15384615384616, "percent_covered_display": "96", "missing_lines": 0, "excluded_lines": 0, "num_branches": 10, "num_partial_branches": 2, "covered_branches": 8, "missing_branches": 2}}