{
  "meta": {
    "version": "7.2.2",
    "timestamp": "2024-08-11T17:05:52.919947",
    "branch_coverage": true,
    "show_contexts": false
  },
  "files": {
    "test_temp.py": {
      "executed_lines": [
        1,
        2,
        5,
        6,
        8,
        9,
        10,
        11,
        12,
        13,
        14,
        16,
        18,
        19,
        20,
        21,
        22,
        23,
        24,
        26,
        28,
        29,
        30,
        32,
        34,
        35,
        36,
        38,
        40,
        41,
        42,
        43,
        44,
        45,
        46,
        48,
        51,
        66,
        67,
        68,
        69,
        70,
        71,
        72,
        73,
        75,
        76,
        78,
        79,
        81
      ],
      "summary": {
        "covered_lines": 50,
        "num_statements": 50,
        "percent_covered": 100.0,
        "percent_covered_display": "100",
        "missing_lines": 0,
        "excluded_lines": 0,
        "num_branches": 4,
        "num_partial_branches": 0,
        "covered_branches": 4,
        "missing_branches": 0
      },
      "missing_lines": [],
      "excluded_lines": [],
      "executed_branches": [
        [
          70,
          71
        ],
        [
          70,
          72
        ],
        [
          78,
          79
        ],
        [
          78,
          81
        ]
      ],
      "missing_branches": []
    }
  },
  "totals": {
    "covered_lines": 50,
    "num_statements": 50,
    "percent_covered": 100.0,
    "percent_covered_display": "100",
    "missing_lines": 0,
    "excluded_lines": 0,
    "num_branches": 4,
    "num_partial_branches": 0,
    "covered_branches": 4,
    "missing_branches": 0
  }
}