{"meta": {"version": "7.2.2", "timestamp": "2024-08-06T21:02:08.683687", "branch_coverage": true, "show_contexts": false}, "files": {"test_temp.py": {"executed_lines": [1, 4, 5, 6, 8, 9, 11, 12, 14, 15, 18, 27, 30, 43, 45, 47, 49, 51, 53], "summary": {"covered_lines": 19, "num_statements": 24, "percent_covered": 73.33333333333333, "percent_covered_display": "73", "missing_lines": 5, "excluded_lines": 0, "num_branches": 6, "num_partial_branches": 1, "covered_branches": 3, "missing_branches": 3}, "missing_lines": [20, 22, 24, 26, 50], "excluded_lines": [], "executed_branches": [[45, 47], [45, 53], [49, 51]], "missing_branches": [[22, 24], [22, 26], [49, 50]]}}, "totals": {"covered_lines": 19, "num_statements": 24, "percent_covered": 73.33333333333333, "percent_covered_display": "73", "missing_lines": 5, "excluded_lines": 0, "num_branches": 6, "num_partial_branches": 1, "covered_branches": 3, "missing_branches": 3}}