{"meta": {"version": "7.2.2", "timestamp": "2024-08-19T14:49:01.200827", "branch_coverage": true, "show_contexts": false}, "files": {"test_temp.py": {"executed_lines": [1, 2, 6, 7, 9, 10, 13, 14, 16, 18, 19, 20, 22, 24, 25, 26, 28, 30, 31, 32, 33, 35, 37, 38, 41, 44, 45, 48, 63, 66, 69, 70, 71, 72, 75, 76, 79, 80, 83], "summary": {"covered_lines": 39, "num_statements": 40, "percent_covered": 97.91666666666667, "percent_covered_display": "98", "missing_lines": 1, "excluded_lines": 0, "num_branches": 8, "num_partial_branches": 0, "covered_branches": 8, "missing_branches": 0}, "missing_lines": [42], "excluded_lines": [], "executed_branches": [[69, 70], [69, 71], [71, 72], [71, 75], [75, 76], [75, 79], [79, 80], [79, 83]], "missing_branches": []}}, "totals": {"covered_lines": 39, "num_statements": 40, "percent_covered": 97.91666666666667, "percent_covered_display": "98", "missing_lines": 1, "excluded_lines": 0, "num_branches": 8, "num_partial_branches": 0, "covered_branches": 8, "missing_branches": 0}}