{"meta": {"version": "7.2.2", "timestamp": "2024-08-16T20:25:11.992560", "branch_coverage": true, "show_contexts": false}, "files": {"test_temp.py": {"executed_lines": [1, 4, 6, 9, 10, 11, 12, 14, 17, 19, 21, 22, 24, 27, 29, 32, 34, 45, 52, 54, 55, 56, 57, 58, 59, 61, 63, 64, 65, 68, 71, 72, 74, 76], "summary": {"covered_lines": 34, "num_statements": 34, "percent_covered": 100.0, "percent_covered_display": "100", "missing_lines": 0, "excluded_lines": 0, "num_branches": 12, "num_partial_branches": 0, "covered_branches": 12, "missing_branches": 0}, "missing_lines": [], "excluded_lines": [], "executed_branches": [[52, 54], [52, 63], [54, 55], [54, 56], [56, 57], [56, 58], [58, 59], [58, 61], [64, 65], [64, 68], [71, 72], [71, 74]], "missing_branches": []}}, "totals": {"covered_lines": 34, "num_statements": 34, "percent_covered": 100.0, "percent_covered_display": "100", "missing_lines": 0, "excluded_lines": 0, "num_branches": 12, "num_partial_branches": 0, "covered_branches": 12, "missing_branches": 0}}