{"meta": {"version": "7.2.2", "timestamp": "2024-08-16T17:41:47.614813", "branch_coverage": true, "show_contexts": false}, "files": {"test_temp.py": {"executed_lines": [1, 4, 6, 8, 9, 10, 11, 13, 15, 16, 17, 18, 20, 22, 23, 24, 25, 27, 29, 30, 31, 32, 34, 36, 37, 38, 39, 41, 52, 53, 54, 55, 58, 59, 60, 61], "summary": {"covered_lines": 36, "num_statements": 36, "percent_covered": 97.61904761904762, "percent_covered_display": "98", "missing_lines": 0, "excluded_lines": 0, "num_branches": 6, "num_partial_branches": 1, "covered_branches": 5, "missing_branches": 1}, "missing_lines": [], "excluded_lines": [], "executed_branches": [[53, 54], [53, 61], [54, 55], [54, 58], [58, 59]], "missing_branches": [[58, 60]]}}, "totals": {"covered_lines": 36, "num_statements": 36, "percent_covered": 97.61904761904762, "percent_covered_display": "98", "missing_lines": 0, "excluded_lines": 0, "num_branches": 6, "num_partial_branches": 1, "covered_branches": 5, "missing_branches": 1}}