{"meta": {"version": "7.2.2", "timestamp": "2024-08-14T11:37:43.217080", "branch_coverage": true, "show_contexts": false}, "files": {"test_temp.py": {"executed_lines": [1, 5, 7, 8, 10, 11, 13, 14, 15, 16, 18, 19, 20, 21, 23, 24, 25, 26, 28, 29, 30, 31, 33, 34, 39, 40, 41, 44, 54, 55, 57, 58, 60, 61, 63, 64, 65, 66, 67, 68, 69, 71, 73, 74], "summary": {"covered_lines": 44, "num_statements": 44, "percent_covered": 100.0, "percent_covered_display": "100", "missing_lines": 0, "excluded_lines": 0, "num_branches": 22, "num_partial_branches": 0, "covered_branches": 22, "missing_branches": 0}, "missing_lines": [], "excluded_lines": [], "executed_branches": [[54, 55], [54, 57], [57, 58], [57, 60], [63, 64], [63, 73], [64, 65], [64, 66], [65, -65], [65, 63], [65, 65], [66, 67], [66, 68], [67, -67], [67, 63], [67, 67], [68, 69], [68, 71], [69, -69], [69, 63], [69, 69], [73, -73], [73, 73], [73, 74], [74, -74], [74, -44], [74, 74]], "missing_branches": []}}, "totals": {"covered_lines": 44, "num_statements": 44, "percent_covered": 100.0, "percent_covered_display": "100", "missing_lines": 0, "excluded_lines": 0, "num_branches": 22, "num_partial_branches": 0, "covered_branches": 22, "missing_branches": 0}}