{"meta": {"version": "7.2.2", "timestamp": "2024-08-17T10:50:40.155967", "branch_coverage": true, "show_contexts": false}, "files": {"test_temp.py": {"executed_lines": [1, 2, 5, 6, 8, 12, 13, 15, 17, 18, 20, 21, 23, 24, 25, 26, 28, 29, 31, 32, 33, 34, 36, 37, 39, 41, 42, 44, 45, 47, 60, 62, 64, 66, 69, 72, 75, 76, 78], "summary": {"covered_lines": 39, "num_statements": 39, "percent_covered": 100.0, "percent_covered_display": "100", "missing_lines": 0, "excluded_lines": 0, "num_branches": 2, "num_partial_branches": 0, "covered_branches": 2, "missing_branches": 0}, "missing_lines": [], "excluded_lines": [], "executed_branches": [[75, 76], [75, 78]], "missing_branches": []}}, "totals": {"covered_lines": 39, "num_statements": 39, "percent_covered": 100.0, "percent_covered_display": "100", "missing_lines": 0, "excluded_lines": 0, "num_branches": 2, "num_partial_branches": 0, "covered_branches": 2, "missing_branches": 0}}