{"meta": {"version": "7.2.2", "timestamp": "2024-08-14T10:09:31.907067", "branch_coverage": true, "show_contexts": false}, "files": {"test_temp.py": {"executed_lines": [1, 4, 6, 8, 9, 10, 12, 14, 15, 16, 17, 19, 21, 22, 23, 24, 26, 28, 29, 30, 31, 33, 35, 36, 37, 38, 40, 43, 54, 57, 58, 59, 60, 63, 64, 67, 68, 71, 73], "summary": {"covered_lines": 39, "num_statements": 39, "percent_covered": 100.0, "percent_covered_display": "100", "missing_lines": 0, "excluded_lines": 0, "num_branches": 0, "num_partial_branches": 0, "covered_branches": 0, "missing_branches": 0}, "missing_lines": [], "excluded_lines": [], "executed_branches": [], "missing_branches": []}}, "totals": {"covered_lines": 39, "num_statements": 39, "percent_covered": 100.0, "percent_covered_display": "100", "missing_lines": 0, "excluded_lines": 0, "num_branches": 0, "num_partial_branches": 0, "covered_branches": 0, "missing_branches": 0}}