{"meta": {"version": "7.2.2", "timestamp": "2024-08-14T11:28:06.479172", "branch_coverage": true, "show_contexts": false}, "files": {"test_temp.py": {"executed_lines": [1, 3, 4, 6, 7, 8, 10, 12, 14, 16, 18, 20, 22, 24, 26, 28, 29, 42, 43, 44, 45, 47, 48, 49, 50, 51, 52, 53, 54, 55, 56, 58], "summary": {"covered_lines": 32, "num_statements": 32, "percent_covered": 97.72727272727273, "percent_covered_display": "98", "missing_lines": 0, "excluded_lines": 0, "num_branches": 12, "num_partial_branches": 1, "covered_branches": 11, "missing_branches": 1}, "missing_lines": [], "excluded_lines": [], "executed_branches": [[47, 48], [47, 58], [49, 50], [49, 56], [50, 51], [50, 56], [51, 52], [51, 56], [52, 53], [54, 55], [54, 56]], "missing_branches": [[52, 54]]}}, "totals": {"covered_lines": 32, "num_statements": 32, "percent_covered": 97.72727272727273, "percent_covered_display": "98", "missing_lines": 0, "excluded_lines": 0, "num_branches": 12, "num_partial_branches": 1, "covered_branches": 11, "missing_branches": 1}}