{"meta": {"version": "7.2.2", "timestamp": "2024-08-12T15:37:11.941015", "branch_coverage": true, "show_contexts": false}, "files": {"test_temp.py": {"executed_lines": [1, 4, 5, 7, 8, 9, 11, 13, 14, 15, 17, 19, 20, 21, 23, 25, 26, 27, 29, 31, 32, 33, 35, 46, 47, 48, 49, 50, 51, 54, 55, 56, 57, 59, 60, 62, 63, 65, 66, 68, 69, 71], "summary": {"covered_lines": 42, "num_statements": 44, "percent_covered": 92.5925925925926, "percent_covered_display": "93", "missing_lines": 2, "excluded_lines": 0, "num_branches": 10, "num_partial_branches": 2, "covered_branches": 8, "missing_branches": 2}, "missing_lines": [61, 67], "excluded_lines": [], "executed_branches": [[55, 56], [55, 57], [59, 60], [59, 65], [60, 62], [65, 54], [65, 66], [66, 68]], "missing_branches": [[60, 61], [66, 67]]}}, "totals": {"covered_lines": 42, "num_statements": 44, "percent_covered": 92.5925925925926, "percent_covered_display": "93", "missing_lines": 2, "excluded_lines": 0, "num_branches": 10, "num_partial_branches": 2, "covered_branches": 8, "missing_branches": 2}}