{"meta": {"version": "7.2.2", "timestamp": "2024-08-16T20:45:12.916460", "branch_coverage": true, "show_contexts": false}, "files": {"test_temp.py": {"executed_lines": [1, 2, 5, 6, 7, 9, 10, 12, 13, 15, 16, 18, 19, 21, 22, 23, 25, 26, 28, 29, 30, 32, 33, 35, 36, 37, 39, 41, 50, 51, 53, 54, 55, 60], "summary": {"covered_lines": 34, "num_statements": 36, "percent_covered": 95.0, "percent_covered_display": "95", "missing_lines": 2, "excluded_lines": 0, "num_branches": 4, "num_partial_branches": 0, "covered_branches": 4, "missing_branches": 0}, "missing_lines": [56, 57], "excluded_lines": [], "executed_branches": [[50, 51], [50, 53], [53, 54], [53, 60]], "missing_branches": []}}, "totals": {"covered_lines": 34, "num_statements": 36, "percent_covered": 95.0, "percent_covered_display": "95", "missing_lines": 2, "excluded_lines": 0, "num_branches": 4, "num_partial_branches": 0, "covered_branches": 4, "missing_branches": 0}}