{"meta": {"version": "7.2.2", "timestamp": "2024-08-14T10:23:45.232514", "branch_coverage": true, "show_contexts": false}, "files": {"test_temp.py": {"executed_lines": [1, 2, 3, 4, 7, 9, 11, 12, 13, 14, 15, 17, 18, 20, 21, 23, 24, 26, 27, 29, 30, 32, 34, 35, 36, 37, 38, 40, 41, 43, 44, 45, 46, 47, 49, 50, 51, 52, 53, 63, 65, 66, 67, 68, 69, 71, 72, 73, 74, 75, 77, 78, 79, 81, 82, 85, 93, 94, 97, 98], "summary": {"covered_lines": 60, "num_statements": 60, "percent_covered": 100.0, "percent_covered_display": "100", "missing_lines": 0, "excluded_lines": 0, "num_branches": 2, "num_partial_branches": 0, "covered_branches": 2, "missing_branches": 0}, "missing_lines": [], "excluded_lines": [], "executed_branches": [[40, -32], [40, 41]], "missing_branches": []}}, "totals": {"covered_lines": 60, "num_statements": 60, "percent_covered": 100.0, "percent_covered_display": "100", "missing_lines": 0, "excluded_lines": 0, "num_branches": 2, "num_partial_branches": 0, "covered_branches": 2, "missing_branches": 0}}