{"meta": {"version": "7.2.2", "timestamp": "2024-08-16T19:46:03.961420", "branch_coverage": true, "show_contexts": false}, "files": {"test_temp.py": {"executed_lines": [1, 2, 3, 6, 8, 10, 12, 13, 14, 15, 17, 19, 20, 21, 22, 24, 26, 27, 28, 29, 30, 31, 33, 35, 36, 37, 38, 40, 42, 44, 45, 46, 47, 49, 52, 53, 54, 55, 56, 57, 58, 59, 60, 61, 64, 65, 67], "summary": {"covered_lines": 47, "num_statements": 47, "percent_covered": 100.0, "percent_covered_display": "100", "missing_lines": 0, "excluded_lines": 0, "num_branches": 8, "num_partial_branches": 0, "covered_branches": 8, "missing_branches": 0}, "missing_lines": [], "excluded_lines": [], "executed_branches": [[55, -55], [55, 55], [55, 56], [55, 64], [56, 57], [56, 59], [64, -64], [64, 64], [64, 65], [65, -65], [65, 65], [65, 67]], "missing_branches": []}}, "totals": {"covered_lines": 47, "num_statements": 47, "percent_covered": 100.0, "percent_covered_display": "100", "missing_lines": 0, "excluded_lines": 0, "num_branches": 8, "num_partial_branches": 0, "covered_branches": 8, "missing_branches": 0}}