{"meta": {"version": "7.2.2", "timestamp": "2024-08-16T16:53:12.023955", "branch_coverage": true, "show_contexts": false}, "files": {"test_temp.py": {"executed_lines": [1, 2, 3, 6, 8, 10, 11, 13, 14, 15, 17, 19, 21, 23, 24, 28, 31, 32, 33, 34, 35, 37, 40, 41, 42, 43, 45, 47, 48, 50, 53, 54, 55, 56, 57, 60, 63, 71, 72, 75, 77, 80, 82, 85, 88, 89], "summary": {"covered_lines": 46, "num_statements": 49, "percent_covered": 92.72727272727273, "percent_covered_display": "93", "missing_lines": 3, "excluded_lines": 0, "num_branches": 6, "num_partial_branches": 1, "covered_branches": 5, "missing_branches": 1}, "missing_lines": [25, 26, 58], "excluded_lines": [], "executed_branches": [[71, 72], [71, 75], [75, -63], [75, 77], [80, 82]], "missing_branches": [[80, 75]]}}, "totals": {"covered_lines": 46, "num_statements": 49, "percent_covered": 92.72727272727273, "percent_covered_display": "93", "missing_lines": 3, "excluded_lines": 0, "num_branches": 6, "num_partial_branches": 1, "covered_branches": 5, "missing_branches": 1}}