{
  "meta": {
    "version": "7.2.2",
    "timestamp": "2024-08-12T10:29:26.751794",
    "branch_coverage": true,
    "show_contexts": false
  },
  "files": {
    "test_temp.py": {
      "executed_lines": [
        1,
        4,
        6,
        8,
        9,
        10,
        11,
        13,
        15,
        16,
        17,
        18,
        20,
        22,
        23,
        24,
        25,
        27,
        29,
        30,
        31,
        32,
        34,
        36,
        37,
        38,
        39,
        40,
        42,
        45,
        46,
        47,
        50,
        51,
        52,
        53,
        54,
        55,
        57,
        59,
        62,
        63,
        65,
        68,
        70
      ],
      "summary": {
        "covered_lines": 45,
        "num_statements": 45,
        "percent_covered": 100.0,
        "percent_covered_display": "100",
        "missing_lines": 0,
        "excluded_lines": 0,
        "num_branches": 8,
        "num_partial_branches": 0,
        "covered_branches": 8,
        "missing_branches": 0
      },
      "missing_lines": [],
      "excluded_lines": [],
      "executed_branches": [
        [
          50,
          51
        ],
        [
          50,
          52
        ],
        [
          52,
          53
        ],
        [
          52,
          54
        ],
        [
          54,
          55
        ],
        [
          54,
          57
        ],
        [
          62,
          63
        ],
        [
          62,
          65
        ]
      ],
      "missing_branches": []
    }
  },
  "totals": {
    "covered_lines": 45,
    "num_statements": 45,
    "percent_covered": 100.0,
    "percent_covered_display": "100",
    "missing_lines": 0,
    "excluded_lines": 0,
    "num_branches": 8,
    "num_partial_branches": 0,
    "covered_branches": 8,
    "missing_branches": 0
  }
}