{"meta": {"version": "7.2.2", "timestamp": "2024-08-16T16:50:25.786109", "branch_coverage": true, "show_contexts": false}, "files": {"test_temp.py": {"executed_lines": [1, 2, 3, 4, 7, 9, 11, 12, 14, 15, 17, 19, 20, 21, 23, 25, 27, 29, 31, 32, 34, 36, 37, 40, 42, 43, 45, 47, 48, 50, 51, 52, 54, 57, 67, 69], "summary": {"covered_lines": 36, "num_statements": 36, "percent_covered": 100.0, "percent_covered_display": "100", "missing_lines": 0, "excluded_lines": 0, "num_branches": 2, "num_partial_branches": 0, "covered_branches": 2, "missing_branches": 0}, "missing_lines": [], "excluded_lines": [], "executed_branches": [[20, -17], [20, 21]], "missing_branches": []}}, "totals": {"covered_lines": 36, "num_statements": 36, "percent_covered": 100.0, "percent_covered_display": "100", "missing_lines": 0, "excluded_lines": 0, "num_branches": 2, "num_partial_branches": 0, "covered_branches": 2, "missing_branches": 0}}