{"meta": {"version": "7.2.2", "timestamp": "2024-08-17T10:02:47.641297", "branch_coverage": true, "show_contexts": false}, "files": {"test_temp.py": {"executed_lines": [1, 2, 5, 6, 7, 8, 10, 11, 12, 14, 15, 18, 21, 23, 24, 25, 26, 27, 28, 29, 31, 32, 33, 34, 35, 37, 38, 39, 40, 41, 42, 43, 45, 46, 47, 48, 49, 50, 51, 53, 54, 57, 68, 69, 71, 73, 74, 75, 77, 78, 79, 80, 82, 83, 85, 86, 88, 91], "summary": {"covered_lines": 58, "num_statements": 58, "percent_covered": 100.0, "percent_covered_display": "100", "missing_lines": 0, "excluded_lines": 0, "num_branches": 14, "num_partial_branches": 0, "covered_branches": 14, "missing_branches": 0}, "missing_lines": [], "excluded_lines": [], "executed_branches": [[71, 73], [71, 91], [73, 74], [73, 77], [78, 71], [78, 79], [80, 78], [80, 82], [82, 83], [82, 85], [85, 86], [85, 88], [91, -91], [91, -57], [91, 91]], "missing_branches": []}}, "totals": {"covered_lines": 58, "num_statements": 58, "percent_covered": 100.0, "percent_covered_display": "100", "missing_lines": 0, "excluded_lines": 0, "num_branches": 14, "num_partial_branches": 0, "covered_branches": 14, "missing_branches": 0}}