<?xml version="1.0" encoding="UTF-8"?>
<testsuite xmlns:xsi="http://www.w3.org/2001/XMLSchema-instance" xsi:noNamespaceSchemaLocation="https://maven.apache.org/surefire/maven-surefire-plugin/xsd/surefire-test-report-3.0.xsd" version="3.0" name="org.real.temp.Tester" time="0.077" tests="5" errors="0" skipped="0" failures="0">
  <properties>
[...]
</properties>
  <testcase name="testReadValidCsv" classname="org.real.temp.Tester" time="0.043"/>
  <testcase name="testReadCsvWithQuotes" classname="org.real.temp.Tester" time="0.008"/>
  <testcase name="testReadEmptyCsv" classname="org.real.temp.Tester" time="0.001"/>
  <testcase name="testReadCsvWithDifferentDelimiters" classname="org.real.temp.Tester" time="0.007"/>
  <testcase name="testReadInvalidCsvFile" classname="org.real.temp.Tester" time="0.003"/>
</testsuite>