{"meta": {"version": "7.2.2", "timestamp": "2024-08-16T13:01:12.228602", "branch_coverage": true, "show_contexts": false}, "files": {"test_temp.py": {"executed_lines": [1, 4, 5, 6, 7, 8, 10, 11, 12, 13, 15, 16, 17, 18, 20, 21, 22, 23, 25, 26, 32, 38, 40, 41, 43, 44, 46, 47, 49, 50, 52, 53, 55, 56, 57, 58, 59, 60, 61], "summary": {"covered_lines": 39, "num_statements": 40, "percent_covered": 96.29629629629629, "percent_covered_display": "96", "missing_lines": 1, "excluded_lines": 0, "num_branches": 14, "num_partial_branches": 1, "covered_branches": 13, "missing_branches": 1}, "missing_lines": [62], "excluded_lines": [], "executed_branches": [[41, 43], [41, 44], [43, -43], [43, -40], [43, 43], [44, 46], [44, 47], [46, -46], [46, -40], [46, 46], [47, 49], [47, 50], [50, 52], [50, 53], [53, 55]], "missing_branches": [[53, 62]]}}, "totals": {"covered_lines": 39, "num_statements": 40, "percent_covered": 96.29629629629629, "percent_covered_display": "96", "missing_lines": 1, "excluded_lines": 0, "num_branches": 14, "num_partial_branches": 1, "covered_branches": 13, "missing_branches": 1}}