{"meta": {"version": "7.2.2", "timestamp": "2024-08-19T14:35:33.340721", "branch_coverage": true, "show_contexts": false}, "files": {"test_temp.py": {"executed_lines": [1, 4, 5, 6, 7, 10, 11, 12, 15, 16, 17, 18, 19, 21, 22, 23, 24, 25, 27, 28, 30, 33, 34, 35, 37, 39, 40, 41, 42, 44, 45, 46, 47, 48, 50], "summary": {"covered_lines": 35, "num_statements": 35, "percent_covered": 97.77777777777777, "percent_covered_display": "98", "missing_lines": 0, "excluded_lines": 0, "num_branches": 10, "num_partial_branches": 1, "covered_branches": 9, "missing_branches": 1}, "missing_lines": [], "excluded_lines": [], "executed_branches": [[40, -40], [40, 40], [40, 41], [41, 42], [42, -42], [42, 42], [42, 44], [44, -44], [44, 44], [44, 45], [46, 47], [46, 50]], "missing_branches": [[41, 44]]}}, "totals": {"covered_lines": 35, "num_statements": 35, "percent_covered": 97.77777777777777, "percent_covered_display": "98", "missing_lines": 0, "excluded_lines": 0, "num_branches": 10, "num_partial_branches": 1, "covered_branches": 9, "missing_branches": 1}}