{"meta": {"version": "7.2.2", "timestamp": "2024-08-17T11:00:10.622081", "branch_coverage": true, "show_contexts": false}, "files": {"test_temp.py": {"executed_lines": [1, 2, 3, 6, 7, 9, 11, 14, 15, 17, 18, 20, 21, 23, 24, 26, 27, 32, 33, 35, 36, 40, 41, 43, 44, 45, 47, 50, 62, 64, 65, 68, 69, 71, 73], "summary": {"covered_lines": 35, "num_statements": 39, "percent_covered": 91.11111111111111, "percent_covered_display": "91", "missing_lines": 4, "excluded_lines": 0, "num_branches": 6, "num_partial_branches": 0, "covered_branches": 6, "missing_branches": 0}, "missing_lines": [29, 30, 37, 38], "excluded_lines": [], "executed_branches": [[65, -65], [65, -50], [65, 65], [65, 68], [68, -50], [68, 69], [71, -71], [71, 71], [71, 73]], "missing_branches": []}}, "totals": {"covered_lines": 35, "num_statements": 39, "percent_covered": 91.11111111111111, "percent_covered_display": "91", "missing_lines": 4, "excluded_lines": 0, "num_branches": 6, "num_partial_branches": 0, "covered_branches": 6, "missing_branches": 0}}