{"meta": {"version": "7.2.2", "timestamp": "2024-08-16T17:30:16.898586", "branch_coverage": true, "show_contexts": false}, "files": {"test_temp.py": {"executed_lines": [1, 2, 5, 7, 9, 10, 11, 12, 14, 16, 17, 18, 19, 21, 23, 24, 25, 26, 28, 30, 31, 32, 34, 36, 37, 38, 39, 41, 44, 45], "summary": {"covered_lines": 30, "num_statements": 38, "percent_covered": 68.18181818181819, "percent_covered_display": "68", "missing_lines": 8, "excluded_lines": 0, "num_branches": 6, "num_partial_branches": 0, "covered_branches": 0, "missing_branches": 6}, "missing_lines": [56, 57, 58, 60, 62, 65, 66, 68], "excluded_lines": [], "executed_branches": [], "missing_branches": [[56, 57], [56, 68], [58, 60], [58, 66], [60, 62], [60, 65]]}}, "totals": {"covered_lines": 30, "num_statements": 38, "percent_covered": 68.18181818181819, "percent_covered_display": "68", "missing_lines": 8, "excluded_lines": 0, "num_branches": 6, "num_partial_branches": 0, "covered_branches": 0, "missing_branches": 6}}