{"meta": {"version": "7.2.2", "timestamp": "2024-08-19T15:17:22.445346", "branch_coverage": true, "show_contexts": false}, "files": {"test_temp.py": {"executed_lines": [1, 2, 4, 5, 7, 8, 9, 11, 13, 14, 15, 17, 19, 20, 21, 23, 25, 26, 29, 31, 36, 37, 39, 42, 43, 47, 48, 49, 50, 51, 53, 54], "summary": {"covered_lines": 31, "num_statements": 32, "percent_covered": 97.22222222222223, "percent_covered_display": "97", "missing_lines": 1, "excluded_lines": 0, "num_branches": 4, "num_partial_branches": 0, "covered_branches": 4, "missing_branches": 0}, "missing_lines": [27], "excluded_lines": [], "executed_branches": [[49, 50], [49, 51], [50, -50], [50, -48], [50, 50]], "missing_branches": []}}, "totals": {"covered_lines": 31, "num_statements": 32, "percent_covered": 97.22222222222223, "percent_covered_display": "97", "missing_lines": 1, "excluded_lines": 0, "num_branches": 4, "num_partial_branches": 0, "covered_branches": 4, "missing_branches": 0}}