{"meta": {"version": "7.2.2", "timestamp": "2024-08-12T11:09:31.289465", "branch_coverage": true, "show_contexts": false}, "files": {"test_temp.py": {"executed_lines": [1, 4, 6, 8, 10, 12, 13, 15, 17, 18, 20, 22, 23, 25, 27, 29, 32, 34, 36, 38, 40, 44, 45, 47, 49, 50, 52, 53, 55, 56, 58, 60], "summary": {"covered_lines": 32, "num_statements": 33, "percent_covered": 94.5945945945946, "percent_covered_display": "95", "missing_lines": 1, "excluded_lines": 0, "num_branches": 4, "num_partial_branches": 1, "covered_branches": 3, "missing_branches": 1}, "missing_lines": [30], "excluded_lines": [], "executed_branches": [[29, 32], [44, 45], [44, 60]], "missing_branches": [[29, 30]]}}, "totals": {"covered_lines": 32, "num_statements": 33, "percent_covered": 94.5945945945946, "percent_covered_display": "95", "missing_lines": 1, "excluded_lines": 0, "num_branches": 4, "num_partial_branches": 1, "covered_branches": 3, "missing_branches": 1}}