{"meta": {"version": "7.2.2", "timestamp": "2024-08-12T15:29:14.519984", "branch_coverage": true, "show_contexts": false}, "files": {"test_temp.py": {"executed_lines": [1, 2, 5, 6, 8, 14, 22, 23, 25, 27, 31, 39, 40, 42, 44, 50, 58, 59, 61, 63, 64, 65, 67, 69, 70, 76, 77, 79, 82, 92, 93, 95, 103, 104, 105, 111], "summary": {"covered_lines": 36, "num_statements": 36, "percent_covered": 97.61904761904762, "percent_covered_display": "98", "missing_lines": 0, "excluded_lines": 0, "num_branches": 6, "num_partial_branches": 1, "covered_branches": 5, "missing_branches": 1}, "missing_lines": [], "excluded_lines": [], "executed_branches": [[92, 93], [103, 104], [103, 111], [104, 103], [104, 105]], "missing_branches": [[92, 95]]}}, "totals": {"covered_lines": 36, "num_statements": 36, "percent_covered": 97.61904761904762, "percent_covered_display": "98", "missing_lines": 0, "excluded_lines": 0, "num_branches": 6, "num_partial_branches": 1, "covered_branches": 5, "missing_branches": 1}}