{"meta": {"version": "7.2.2", "timestamp": "2024-08-17T14:21:34.973680", "branch_coverage": true, "show_contexts": false}, "files": {"test_temp.py": {"executed_lines": [1, 4, 5, 7, 9, 11, 12, 13, 15, 17, 18, 20, 22, 23, 25, 27, 28, 29, 32, 46, 47, 48, 49, 52, 53, 56, 57, 58, 61, 64, 65, 67], "summary": {"covered_lines": 32, "num_statements": 32, "percent_covered": 100.0, "percent_covered_display": "100", "missing_lines": 0, "excluded_lines": 0, "num_branches": 6, "num_partial_branches": 0, "covered_branches": 6, "missing_branches": 0}, "missing_lines": [], "excluded_lines": [], "executed_branches": [[46, 47], [46, 48], [52, 53], [52, 56], [64, 65], [64, 67]], "missing_branches": []}}, "totals": {"covered_lines": 32, "num_statements": 32, "percent_covered": 100.0, "percent_covered_display": "100", "missing_lines": 0, "excluded_lines": 0, "num_branches": 6, "num_partial_branches": 0, "covered_branches": 6, "missing_branches": 0}}