{
  "meta": {
    "version": "7.2.2",
    "timestamp": "2024-08-16T20:32:25.204389",
    "branch_coverage": true,
    "show_contexts": false
  },
  "files": {
    "test_temp.py": {
      "executed_lines": [
        1,
        2,
        3,
        4,
        7,
        8,
        10,
        12,
        13,
        14,
        15,
        16,
        18,
        20,
        22,
        24,
        25,
        27,
        29,
        30,
        31,
        33,
        36,
        37,
        38,
        39,
        40,
        41,
        42,
        44,
        46,
        48,
        49,
        51,
        53,
        54,
        55,
        57,
        58,
        61,
        72,
        73,
        74,
        75,
        78,
        79,
        82,
        83,
        84,
        85
      ],
      "summary": {
        "covered_lines": 50,
        "num_statements": 50,
        "percent_covered": 98.33333333333333,
        "percent_covered_display": "98",
        "missing_lines": 0,
        "excluded_lines": 0,
        "num_branches": 10,
        "num_partial_branches": 1,
        "covered_branches": 9,
        "missing_branches": 1
      },
      "missing_lines": [],
      "excluded_lines": [],
      "executed_branches": [
        [
          72,
          73
        ],
        [
          72,
          74
        ],
        [
          74,
          75
        ],
        [
          74,
          78
        ],
        [
          78,
          -61
        ],
        [
          78,
          79
        ],
        [
          82,
          83
        ],
        [
          82,
          84
        ],
        [
          84,
          85
        ]
      ],
      "missing_branches": [
        [
          84,
          78
        ]
      ]
    }
  },
  "totals": {
    "covered_lines": 50,
    "num_statements": 50,
    "percent_covered": 98.33333333333333,
    "percent_covered_display": "98",
    "missing_lines": 0,
    "excluded_lines": 0,
    "num_branches": 10,
    "num_partial_branches": 1,
    "covered_branches": 9,
    "missing_branches": 1
  }
}