{"meta": {"version": "7.2.2", "timestamp": "2024-08-18T16:01:26.080816", "branch_coverage": true, "show_contexts": false}, "files": {"test_temp.py": {"executed_lines": [1, 4, 5, 6, 16, 18, 19, 20, 22, 24, 26, 28, 30, 32, 34, 36, 38, 41, 43, 54, 55, 56, 57, 66, 67, 68, 70, 71, 72, 73, 74, 77, 78, 80], "summary": {"covered_lines": 34, "num_statements": 34, "percent_covered": 100.0, "percent_covered_display": "100", "missing_lines": 0, "excluded_lines": 0, "num_branches": 6, "num_partial_branches": 0, "covered_branches": 6, "missing_branches": 0}, "missing_lines": [], "excluded_lines": [], "executed_branches": [[57, -57], [57, -54], [57, 57], [68, 70], [68, 77], [77, 78], [77, 80]], "missing_branches": []}}, "totals": {"covered_lines": 34, "num_statements": 34, "percent_covered": 100.0, "percent_covered_display": "100", "missing_lines": 0, "excluded_lines": 0, "num_branches": 6, "num_partial_branches": 0, "covered_branches": 6, "missing_branches": 0}}