{"meta": {"version": "7.2.2", "timestamp": "2024-08-14T17:11:15.018467", "branch_coverage": true, "show_contexts": false}, "files": {"test_temp.py": {"executed_lines": [1, 2, 4, 5, 6, 7, 9, 11, 12, 14, 16, 17, 19, 21, 22, 24, 26, 27, 28, 31, 45, 48, 49, 50, 52, 55, 58, 59, 63, 64, 65, 67, 68, 70, 72], "summary": {"covered_lines": 35, "num_statements": 35, "percent_covered": 100.0, "percent_covered_display": "100", "missing_lines": 0, "excluded_lines": 0, "num_branches": 6, "num_partial_branches": 0, "covered_branches": 6, "missing_branches": 0}, "missing_lines": [], "excluded_lines": [], "executed_branches": [[49, 50], [49, 52], [58, 59], [58, 63], [67, 68], [67, 70]], "missing_branches": []}}, "totals": {"covered_lines": 35, "num_statements": 35, "percent_covered": 100.0, "percent_covered_display": "100", "missing_lines": 0, "excluded_lines": 0, "num_branches": 6, "num_partial_branches": 0, "covered_branches": 6, "missing_branches": 0}}