{
  "meta": {
    "version": "7.2.2",
    "timestamp": "2024-08-05T21:56:54.556368",
    "branch_coverage": true,
    "show_contexts": false
  },
  "files": {
    "test_case.py": {
      "executed_lines": [
        1,
        2,
        5,
        15,
        16,
        17,
        19,
        20,
        21,
        23,
        26,
        27,
        28,
        30,
        31,
        33,
        34,
        36,
        37,
        39,
        40
      ],
      "summary": {
        "covered_lines": 21,
        "num_statements": 21,
        "percent_covered": 100.0,
        "percent_covered_display": "100",
        "missing_lines": 0,
        "excluded_lines": 0,
        "num_branches": 0,
        "num_partial_branches": 0,
        "covered_branches": 0,
        "missing_branches": 0
      },
      "missing_lines": [],
      "excluded_lines": [],
      "executed_branches": [],
      "missing_branches": []
    }
  },
  "totals": {
    "covered_lines": 21,
    "num_statements": 21,
    "percent_covered": 100.0,
    "percent_covered_display": "100",
    "missing_lines": 0,
    "excluded_lines": 0,
    "num_branches": 0,
    "num_partial_branches": 0,
    "covered_branches": 0,
    "missing_branches": 0
  }
}