{"meta": {"version": "7.2.2", "timestamp": "2024-08-16T19:14:52.094578", "branch_coverage": true, "show_contexts": false}, "files": {"test_temp.py": {"executed_lines": [1, 4, 5, 7, 8, 9, 11, 13, 19, 23, 25, 27, 32, 36, 38, 40, 44, 48, 50, 52, 53, 54, 55, 58, 61, 62, 65, 66, 67, 68, 70], "summary": {"covered_lines": 31, "num_statements": 31, "percent_covered": 100.0, "percent_covered_display": "100", "missing_lines": 0, "excluded_lines": 0, "num_branches": 10, "num_partial_branches": 0, "covered_branches": 10, "missing_branches": 0}, "missing_lines": [], "excluded_lines": [], "executed_branches": [[61, 62], [61, 65], [65, 66], [65, 67], [66, -66], [66, -58], [66, 66], [67, 68], [67, 70], [68, -68], [68, -58], [68, 68]], "missing_branches": []}}, "totals": {"covered_lines": 31, "num_statements": 31, "percent_covered": 100.0, "percent_covered_display": "100", "missing_lines": 0, "excluded_lines": 0, "num_branches": 10, "num_partial_branches": 0, "covered_branches": 10, "missing_branches": 0}}