{"meta": {"version": "7.2.2", "timestamp": "2024-08-14T15:06:07.099839", "branch_coverage": true, "show_contexts": false}, "files": {"test_temp.py": {"executed_lines": [1, 4, 5, 7, 9, 11, 13, 15, 17, 19, 21, 23, 24, 26, 39, 40, 41, 42, 46, 48, 51, 53], "summary": {"covered_lines": 22, "num_statements": 23, "percent_covered": 92.5925925925926, "percent_covered_display": "93", "missing_lines": 1, "excluded_lines": 0, "num_branches": 4, "num_partial_branches": 1, "covered_branches": 3, "missing_branches": 1}, "missing_lines": [43], "excluded_lines": [], "executed_branches": [[39, 40], [39, 41], [42, 46]], "missing_branches": [[42, 43]]}}, "totals": {"covered_lines": 22, "num_statements": 23, "percent_covered": 92.5925925925926, "percent_covered_display": "93", "missing_lines": 1, "excluded_lines": 0, "num_branches": 4, "num_partial_branches": 1, "covered_branches": 3, "missing_branches": 1}}