{"meta": {"version": "7.2.2", "timestamp": "2024-08-17T10:17:58.040799", "branch_coverage": true, "show_contexts": false}, "files": {"test_temp.py": {"executed_lines": [1, 3, 4, 6, 7, 9, 11, 12, 14, 16, 17, 19, 21, 22, 23, 25, 27, 28, 29, 30, 33, 47, 48, 49, 51, 52, 53, 54, 56, 57, 58, 59, 60, 61, 64, 65, 66, 67, 69], "summary": {"covered_lines": 39, "num_statements": 39, "percent_covered": 100.0, "percent_covered_display": "100", "missing_lines": 0, "excluded_lines": 0, "num_branches": 6, "num_partial_branches": 0, "covered_branches": 6, "missing_branches": 0}, "missing_lines": [], "excluded_lines": [], "executed_branches": [[51, 52], [51, 56], [64, 65], [64, 66], [66, 67], [66, 69]], "missing_branches": []}}, "totals": {"covered_lines": 39, "num_statements": 39, "percent_covered": 100.0, "percent_covered_display": "100", "missing_lines": 0, "excluded_lines": 0, "num_branches": 6, "num_partial_branches": 0, "covered_branches": 6, "missing_branches": 0}}